Using pre-set license
Built from '2020.3/release' branch; Version is '2020.3.7f1 (dd97f2c94397) revision 14522354'; Using compiler version '192528614'; Build Type 'Release'
OS: 'Windows 10 Home; OS build 19042.1083; Version 2009; 64bit' Language: 'en' Physical Memory: 16227 MB
BatchMode: 1, IsHumanControllingUs: 0, StartBugReporterOnCrash: 0, Is64bit: 1, IsPro: 0

 COMMAND LINE ARGUMENTS:
C:\Program Files\Unity\Hub\Editor\2020.3.7f1\Editor\Unity.exe
-adb2
-batchMode
-noUpm
-name
AssetImportWorker0
-projectPath
C:/Unity Projects/Terrible Tweeters Tutorial
-logFile
Logs/AssetImportWorker0.log
-srvPort
60085
Successfully changed project path to: C:/Unity Projects/Terrible Tweeters Tutorial
C:/Unity Projects/Terrible Tweeters Tutorial
Using Asset Import Pipeline V2.
Refreshing native plugins compatible for Editor in 35.07 ms, found 1 plugins.
Preloading 0 native plugins for Editor in 0.00 ms.
Initialize engine version: 2020.3.7f1 (dd97f2c94397)
[Subsystems] Discovering subsystems at path C:/Program Files/Unity/Hub/Editor/2020.3.7f1/Editor/Data/Resources/UnitySubsystems
[Subsystems] Discovering subsystems at path C:/Unity Projects/Terrible Tweeters Tutorial/Assets
GfxDevice: creating device client; threaded=0
Direct3D:
    Version:  Direct3D 11.0 [level 11.1]
    Renderer: NVIDIA GeForce GTX 1650 (ID=0x1f91)
    Vendor:   
    VRAM:     3962 MB
    Driver:   27.21.14.6231
Initialize mono
Mono path[0] = 'C:/Program Files/Unity/Hub/Editor/2020.3.7f1/Editor/Data/Managed'
Mono path[1] = 'C:/Program Files/Unity/Hub/Editor/2020.3.7f1/Editor/Data/MonoBleedingEdge/lib/mono/unityjit'
Mono config path = 'C:/Program Files/Unity/Hub/Editor/2020.3.7f1/Editor/Data/MonoBleedingEdge/etc'
Using monoOptions --debugger-agent=transport=dt_socket,embedding=1,server=y,suspend=n,address=127.0.0.1:56496
Begin MonoManager ReloadAssembly
Registering precompiled unity dll's ...
Register platform support module: C:/Program Files/Unity/Hub/Editor/2020.3.7f1/Editor/Data/PlaybackEngines/WebGLSupport/UnityEditor.WebGL.Extensions.dll
Register platform support module: C:/Program Files/Unity/Hub/Editor/2020.3.7f1/Editor/Data/PlaybackEngines/WindowsStandaloneSupport/UnityEditor.WindowsStandalone.Extensions.dll
Registered in 0.002985 seconds.
Native extension for WindowsStandalone target not found
Native extension for WebGL target not found
Refreshing native plugins compatible for Editor in 34.70 ms, found 1 plugins.
Preloading 0 native plugins for Editor in 0.00 ms.
Mono: successfully reloaded assembly
- Completed reload, in  1.451 seconds
Platform modules already initialized, skipping
Registering precompiled user dll's ...
Registered in 0.001225 seconds.
Begin MonoManager ReloadAssembly
Native extension for WindowsStandalone target not found
Native extension for WebGL target not found
Refreshing native plugins compatible for Editor in 36.22 ms, found 1 plugins.
Preloading 0 native plugins for Editor in 0.00 ms.
Mono: successfully reloaded assembly
- Completed reload, in  0.934 seconds
Platform modules already initialized, skipping
========================================================================
Worker process is ready to serve import requests
Launched and connected shader compiler UnityShaderCompiler.exe after 0.05 seconds
Refreshing native plugins compatible for Editor in 0.36 ms, found 1 plugins.
Preloading 0 native plugins for Editor in 0.00 ms.
Unloading 1962 Unused Serialized files (Serialized files now loaded: 0)
System memory in use before: 90.2 MB.
System memory in use after: 90.3 MB.

Unloading 20 unused Assets to reduce memory usage. Loaded Objects now: 2409.
Total: 2.099800 ms (FindLiveObjects: 0.272200 ms CreateObjectMapping: 0.099100 ms MarkObjects: 1.663100 ms  DeleteObjects: 0.064700 ms)

========================================================================
Received Import Request.
  path: Assets/Scenes/Level1.unity
  artifactKey: Guid(a22117f4d779cc94d9f4ec67557124ec) Importer(815301076,1909f56bfc062723c751e8b465ee728b)
Start importing Assets/Scenes/Level1.unity using Guid(a22117f4d779cc94d9f4ec67557124ec) Importer(815301076,1909f56bfc062723c751e8b465ee728b)  -> (artifact id: '39e892e81adb46688f4e1926ea0e1c31') in 0.011827 seconds
  Import took 0.015163 seconds .

========================================================================
Received Import Request.
  Time since last request: 0.000178 seconds.
  path: Assets/Scenes/Level2.unity
  artifactKey: Guid(6557996de4c2cbe499e197b43698e152) Importer(815301076,1909f56bfc062723c751e8b465ee728b)
Start importing Assets/Scenes/Level2.unity using Guid(6557996de4c2cbe499e197b43698e152) Importer(815301076,1909f56bfc062723c751e8b465ee728b)  -> (artifact id: 'ff6989663636755cb9499d6977b267e0') in 0.003197 seconds
  Import took 0.007224 seconds .

========================================================================
Received Prepare
Refreshing native plugins compatible for Editor in 2.01 ms, found 1 plugins.
Preloading 0 native plugins for Editor in 0.00 ms.
Unloading 5 Unused Serialized files (Serialized files now loaded: 0)
System memory in use before: 50.8 MB.
System memory in use after: 50.9 MB.

Unloading 5 unused Assets to reduce memory usage. Loaded Objects now: 2409.
Total: 5.093500 ms (FindLiveObjects: 0.370100 ms CreateObjectMapping: 0.187600 ms MarkObjects: 4.508500 ms  DeleteObjects: 0.024900 ms)

========================================================================
Received Prepare
Registering precompiled user dll's ...
Registered in 0.001352 seconds.
Begin MonoManager ReloadAssembly
Native extension for WindowsStandalone target not found
Native extension for WebGL target not found
Refreshing native plugins compatible for Editor in 0.39 ms, found 1 plugins.
Preloading 0 native plugins for Editor in 0.00 ms.
Mono: successfully reloaded assembly
- Completed reload, in  0.848 seconds
Platform modules already initialized, skipping
Refreshing native plugins compatible for Editor in 0.34 ms, found 1 plugins.
Preloading 0 native plugins for Editor in 0.00 ms.
Unloading 1950 Unused Serialized files (Serialized files now loaded: 0)
System memory in use before: 89.5 MB.
System memory in use after: 89.6 MB.

Unloading 8 unused Assets to reduce memory usage. Loaded Objects now: 2412.
Total: 6.741700 ms (FindLiveObjects: 0.500100 ms CreateObjectMapping: 0.239200 ms MarkObjects: 5.922600 ms  DeleteObjects: 0.076300 ms)

========================================================================
Received Prepare
Registering precompiled user dll's ...
Registered in 0.001289 seconds.
Begin MonoManager ReloadAssembly
Native extension for WindowsStandalone target not found
Native extension for WebGL target not found
Refreshing native plugins compatible for Editor in 0.35 ms, found 1 plugins.
Preloading 0 native plugins for Editor in 0.00 ms.
Mono: successfully reloaded assembly
- Completed reload, in  0.879 seconds
Platform modules already initialized, skipping
Refreshing native plugins compatible for Editor in 0.33 ms, found 1 plugins.
Preloading 0 native plugins for Editor in 0.00 ms.
Unloading 1950 Unused Serialized files (Serialized files now loaded: 0)
System memory in use before: 89.6 MB.
System memory in use after: 89.7 MB.

Unloading 8 unused Assets to reduce memory usage. Loaded Objects now: 2415.
Total: 2.444900 ms (FindLiveObjects: 0.303900 ms CreateObjectMapping: 0.105900 ms MarkObjects: 1.987100 ms  DeleteObjects: 0.045700 ms)

========================================================================
Received Import Request.
  Time since last request: 249.292856 seconds.
  path: Assets
  artifactKey: Guid(00000000000000001000000000000000) Importer(815301076,1909f56bfc062723c751e8b465ee728b)
Start importing Assets using Guid(00000000000000001000000000000000) Importer(815301076,1909f56bfc062723c751e8b465ee728b)  -> (artifact id: '5f6a1853b736837ecfb0820a881449cb') in 0.006837 seconds
  Import took 0.010120 seconds .

========================================================================
Received Import Request.
  Time since last request: 0.003575 seconds.
  path: Assets
  artifactKey: Guid(00000000000000001000000000000000) Importer(815301076,1909f56bfc062723c751e8b465ee728b)
Start importing Assets using Guid(00000000000000001000000000000000) Importer(815301076,1909f56bfc062723c751e8b465ee728b)  -> (artifact id: '5f6a1853b736837ecfb0820a881449cb') in 0.002517 seconds
  Import took 0.005284 seconds .

========================================================================
Received Import Request.
  Time since last request: 9.673987 seconds.
  path: Assets/Prefabs
  artifactKey: Guid(1ce12ccc1fc987448be664bc3401f80c) Importer(815301076,1909f56bfc062723c751e8b465ee728b)
Start importing Assets/Prefabs using Guid(1ce12ccc1fc987448be664bc3401f80c) Importer(815301076,1909f56bfc062723c751e8b465ee728b)  -> (artifact id: '1b70ba865a8996bf656aea2c2865af5a') in 0.003014 seconds
  Import took 0.005798 seconds .

========================================================================
Received Import Request.
  Time since last request: 4.896274 seconds.
  path: Assets/Prefabs/Red Bird.prefab
  artifactKey: Guid(4ecea1954a0f62b4dbdc7b9cfd39dc7d) Importer(815301076,1909f56bfc062723c751e8b465ee728b)
Start importing Assets/Prefabs/Red Bird.prefab using Guid(4ecea1954a0f62b4dbdc7b9cfd39dc7d) Importer(815301076,1909f56bfc062723c751e8b465ee728b)  -> (artifact id: '7afd1debf3caf58b9c79d6c9832f407d') in 0.108996 seconds
  Import took 0.111988 seconds .

========================================================================
Received Prepare
Registering precompiled user dll's ...
Registered in 0.001267 seconds.
Begin MonoManager ReloadAssembly
Native extension for WindowsStandalone target not found
Native extension for WebGL target not found
Refreshing native plugins compatible for Editor in 0.33 ms, found 1 plugins.
Preloading 0 native plugins for Editor in 0.00 ms.
Mono: successfully reloaded assembly
- Completed reload, in  0.844 seconds
Platform modules already initialized, skipping
Refreshing native plugins compatible for Editor in 0.34 ms, found 1 plugins.
Preloading 0 native plugins for Editor in 0.00 ms.
Unloading 1950 Unused Serialized files (Serialized files now loaded: 0)
System memory in use before: 92.7 MB.
System memory in use after: 92.8 MB.

Unloading 8 unused Assets to reduce memory usage. Loaded Objects now: 2425.
Total: 1.672900 ms (FindLiveObjects: 0.159300 ms CreateObjectMapping: 0.060100 ms MarkObjects: 1.441500 ms  DeleteObjects: 0.011200 ms)

========================================================================
Received Import Request.
  Time since last request: 223.761576 seconds.
  path: Assets/Scenes/Level1.unity
  artifactKey: Guid(a22117f4d779cc94d9f4ec67557124ec) Importer(815301076,1909f56bfc062723c751e8b465ee728b)
Start importing Assets/Scenes/Level1.unity using Guid(a22117f4d779cc94d9f4ec67557124ec) Importer(815301076,1909f56bfc062723c751e8b465ee728b)  -> (artifact id: '0f5c7101edad236bff0f5fbe79919ce3') in 0.010488 seconds
  Import took 0.013444 seconds .

========================================================================
Received Import Request.
  Time since last request: 20.470101 seconds.
  path: Assets/Prefabs/Purple Monster.prefab
  artifactKey: Guid(2ad587e77aca4b24094cb10e44f4da10) Importer(815301076,1909f56bfc062723c751e8b465ee728b)
Start importing Assets/Prefabs/Purple Monster.prefab using Guid(2ad587e77aca4b24094cb10e44f4da10) Importer(815301076,1909f56bfc062723c751e8b465ee728b)  -> (artifact id: '0510f45c89ba5e87214e7538000ecd3d') in 0.045988 seconds
  Import took 0.049879 seconds .

========================================================================
Received Import Request.
  Time since last request: 0.001969 seconds.
  path: Assets/Prefabs/Purple Monster.prefab
  artifactKey: Guid(2ad587e77aca4b24094cb10e44f4da10) Importer(815301076,1909f56bfc062723c751e8b465ee728b)
Start importing Assets/Prefabs/Purple Monster.prefab using Guid(2ad587e77aca4b24094cb10e44f4da10) Importer(815301076,1909f56bfc062723c751e8b465ee728b)  -> (artifact id: '0510f45c89ba5e87214e7538000ecd3d') in 0.010956 seconds
  Import took 0.013933 seconds .

========================================================================
Received Import Request.
  Time since last request: 16.356848 seconds.
  path: Assets/Scenes/Level2.unity
  artifactKey: Guid(6557996de4c2cbe499e197b43698e152) Importer(815301076,1909f56bfc062723c751e8b465ee728b)
Start importing Assets/Scenes/Level2.unity using Guid(6557996de4c2cbe499e197b43698e152) Importer(815301076,1909f56bfc062723c751e8b465ee728b)  -> (artifact id: '3dd8f3abb040c0b17408ecff400f6d5e') in 0.003381 seconds
  Import took 0.007406 seconds .

========================================================================
Received Import Request.
  Time since last request: 39.507429 seconds.
  path: Assets/Scenes/Level1.unity
  artifactKey: Guid(a22117f4d779cc94d9f4ec67557124ec) Importer(815301076,1909f56bfc062723c751e8b465ee728b)
Start importing Assets/Scenes/Level1.unity using Guid(a22117f4d779cc94d9f4ec67557124ec) Importer(815301076,1909f56bfc062723c751e8b465ee728b)  -> (artifact id: '0791865bc091d33fcfff8b4c270fa5cc') in 0.003769 seconds
  Import took 0.008195 seconds .

========================================================================
Received Import Request.
  Time since last request: 55.343797 seconds.
  path: Assets/Prefabs/Camera Setup.prefab
  artifactKey: Guid(8c7e8ac94ad581f498398d6eb5e467e6) Importer(815301076,1909f56bfc062723c751e8b465ee728b)
Start importing Assets/Prefabs/Camera Setup.prefab using Guid(8c7e8ac94ad581f498398d6eb5e467e6) Importer(815301076,1909f56bfc062723c751e8b465ee728b)  -> (artifact id: '4df30fcc7120f61140892702f85feb0e') in 0.016375 seconds
  Import took 0.019432 seconds .

========================================================================
Received Import Request.
  Time since last request: 0.006118 seconds.
  path: Assets/Prefabs/Camera Setup.prefab
  artifactKey: Guid(8c7e8ac94ad581f498398d6eb5e467e6) Importer(815301076,1909f56bfc062723c751e8b465ee728b)
Start importing Assets/Prefabs/Camera Setup.prefab using Guid(8c7e8ac94ad581f498398d6eb5e467e6) Importer(815301076,1909f56bfc062723c751e8b465ee728b)  -> (artifact id: '4df30fcc7120f61140892702f85feb0e') in 0.004167 seconds
  Import took 0.007657 seconds .

========================================================================
Received Import Request.
  Time since last request: 35.909385 seconds.
  path: Assets/Scenes/Level2.unity
  artifactKey: Guid(6557996de4c2cbe499e197b43698e152) Importer(815301076,1909f56bfc062723c751e8b465ee728b)
Start importing Assets/Scenes/Level2.unity using Guid(6557996de4c2cbe499e197b43698e152) Importer(815301076,1909f56bfc062723c751e8b465ee728b)  -> (artifact id: 'edbc592fe1f490c52122b2b343b90415') in 0.003816 seconds
  Import took 0.007740 seconds .

========================================================================
Received Import Request.
  Time since last request: 99.707814 seconds.
  path: Assets/Scenes/Level1.unity
  artifactKey: Guid(a22117f4d779cc94d9f4ec67557124ec) Importer(815301076,1909f56bfc062723c751e8b465ee728b)
Start importing Assets/Scenes/Level1.unity using Guid(a22117f4d779cc94d9f4ec67557124ec) Importer(815301076,1909f56bfc062723c751e8b465ee728b)  -> (artifact id: '999301b751837144b9f034784e2f1b86') in 0.007052 seconds
  Import took 0.013871 seconds .

========================================================================
Received Prepare
Registering precompiled user dll's ...
Registered in 0.003305 seconds.
Begin MonoManager ReloadAssembly
Native extension for WindowsStandalone target not found
Native extension for WebGL target not found
Refreshing native plugins compatible for Editor in 0.65 ms, found 1 plugins.
Preloading 0 native plugins for Editor in 0.00 ms.
Mono: successfully reloaded assembly
- Completed reload, in  2.220 seconds
Platform modules already initialized, skipping
Refreshing native plugins compatible for Editor in 0.90 ms, found 1 plugins.
Preloading 0 native plugins for Editor in 0.00 ms.
Unloading 1950 Unused Serialized files (Serialized files now loaded: 0)
System memory in use before: 92.8 MB.
System memory in use after: 92.9 MB.

Unloading 10 unused Assets to reduce memory usage. Loaded Objects now: 2429.
Total: 4.213900 ms (FindLiveObjects: 0.352900 ms CreateObjectMapping: 0.228700 ms MarkObjects: 3.542400 ms  DeleteObjects: 0.087400 ms)

========================================================================
Received Import Request.
  Time since last request: 11.310685 seconds.
  path: Assets/Prefabs/LevelController.prefab
  artifactKey: Guid(51c05b66f8b07ef4880f9fc09c9ca75b) Importer(815301076,1909f56bfc062723c751e8b465ee728b)
Start importing Assets/Prefabs/LevelController.prefab using Guid(51c05b66f8b07ef4880f9fc09c9ca75b) Importer(815301076,1909f56bfc062723c751e8b465ee728b)  -> (artifact id: '84376ec3b97df9ecba4357fb0eacd7a7') in 0.039636 seconds
  Import took 0.046941 seconds .

========================================================================
Received Import Request.
  Time since last request: 0.003960 seconds.
  path: Assets/Prefabs/LevelController.prefab
  artifactKey: Guid(51c05b66f8b07ef4880f9fc09c9ca75b) Importer(815301076,1909f56bfc062723c751e8b465ee728b)
Start importing Assets/Prefabs/LevelController.prefab using Guid(51c05b66f8b07ef4880f9fc09c9ca75b) Importer(815301076,1909f56bfc062723c751e8b465ee728b)  -> (artifact id: '84376ec3b97df9ecba4357fb0eacd7a7') in 0.007530 seconds
  Import took 0.012618 seconds .

========================================================================
Received Import Request.
  Time since last request: 12.115917 seconds.
  path: Assets/Scenes/Level2.unity
  artifactKey: Guid(6557996de4c2cbe499e197b43698e152) Importer(815301076,1909f56bfc062723c751e8b465ee728b)
Start importing Assets/Scenes/Level2.unity using Guid(6557996de4c2cbe499e197b43698e152) Importer(815301076,1909f56bfc062723c751e8b465ee728b)  -> (artifact id: 'cff1a7db752c04873a600895c8171551') in 0.009812 seconds
  Import took 0.017800 seconds .

========================================================================
Received Prepare
Registering precompiled user dll's ...
Registered in 0.001656 seconds.
Begin MonoManager ReloadAssembly
Native extension for WindowsStandalone target not found
Native extension for WebGL target not found
Refreshing native plugins compatible for Editor in 1.25 ms, found 1 plugins.
Preloading 0 native plugins for Editor in 0.00 ms.
Mono: successfully reloaded assembly
- Completed reload, in  1.595 seconds
Platform modules already initialized, skipping
Refreshing native plugins compatible for Editor in 0.46 ms, found 1 plugins.
Preloading 0 native plugins for Editor in 0.00 ms.
Unloading 1950 Unused Serialized files (Serialized files now loaded: 0)
System memory in use before: 92.8 MB.
System memory in use after: 92.9 MB.

Unloading 8 unused Assets to reduce memory usage. Loaded Objects now: 2432.
Total: 3.245800 ms (FindLiveObjects: 0.317200 ms CreateObjectMapping: 0.103300 ms MarkObjects: 2.780400 ms  DeleteObjects: 0.043600 ms)

========================================================================
Received Prepare
Registering precompiled user dll's ...
Registered in 0.002012 seconds.
Begin MonoManager ReloadAssembly
Native extension for WindowsStandalone target not found
Native extension for WebGL target not found
Refreshing native plugins compatible for Editor in 0.79 ms, found 1 plugins.
Preloading 0 native plugins for Editor in 0.00 ms.
Mono: successfully reloaded assembly
- Completed reload, in  1.617 seconds
Platform modules already initialized, skipping
Refreshing native plugins compatible for Editor in 0.79 ms, found 1 plugins.
Preloading 0 native plugins for Editor in 0.00 ms.
Unloading 1950 Unused Serialized files (Serialized files now loaded: 0)
System memory in use before: 92.8 MB.
System memory in use after: 92.9 MB.

Unloading 8 unused Assets to reduce memory usage. Loaded Objects now: 2435.
Total: 3.031400 ms (FindLiveObjects: 0.323000 ms CreateObjectMapping: 0.096100 ms MarkObjects: 2.568000 ms  DeleteObjects: 0.042900 ms)

========================================================================
Received Prepare
Registering precompiled user dll's ...
Registered in 0.002938 seconds.
Begin MonoManager ReloadAssembly
Native extension for WindowsStandalone target not found
Native extension for WebGL target not found
Refreshing native plugins compatible for Editor in 0.63 ms, found 1 plugins.
Preloading 0 native plugins for Editor in 0.00 ms.
Mono: successfully reloaded assembly
- Completed reload, in  2.054 seconds
Platform modules already initialized, skipping
Refreshing native plugins compatible for Editor in 0.75 ms, found 1 plugins.
Preloading 0 native plugins for Editor in 0.00 ms.
Unloading 1950 Unused Serialized files (Serialized files now loaded: 0)
System memory in use before: 92.8 MB.
System memory in use after: 92.9 MB.

Unloading 8 unused Assets to reduce memory usage. Loaded Objects now: 2438.
Total: 3.158600 ms (FindLiveObjects: 0.265300 ms CreateObjectMapping: 0.204800 ms MarkObjects: 2.661300 ms  DeleteObjects: 0.025300 ms)

========================================================================
Received Prepare
Registering precompiled user dll's ...
Registered in 0.001456 seconds.
Begin MonoManager ReloadAssembly
Native extension for WindowsStandalone target not found
Native extension for WebGL target not found
Refreshing native plugins compatible for Editor in 0.58 ms, found 1 plugins.
Preloading 0 native plugins for Editor in 0.00 ms.
Mono: successfully reloaded assembly
- Completed reload, in  1.558 seconds
Platform modules already initialized, skipping
Refreshing native plugins compatible for Editor in 0.50 ms, found 1 plugins.
Preloading 0 native plugins for Editor in 0.00 ms.
Unloading 1950 Unused Serialized files (Serialized files now loaded: 0)
System memory in use before: 92.8 MB.
System memory in use after: 92.9 MB.

Unloading 8 unused Assets to reduce memory usage. Loaded Objects now: 2441.
Total: 3.164200 ms (FindLiveObjects: 0.402100 ms CreateObjectMapping: 0.110700 ms MarkObjects: 2.607600 ms  DeleteObjects: 0.042200 ms)

========================================================================
Received Prepare
Registering precompiled user dll's ...
Registered in 0.001434 seconds.
Begin MonoManager ReloadAssembly
Native extension for WindowsStandalone target not found
Native extension for WebGL target not found
Refreshing native plugins compatible for Editor in 0.73 ms, found 1 plugins.
Preloading 0 native plugins for Editor in 0.00 ms.
Mono: successfully reloaded assembly
- Completed reload, in  1.520 seconds
Platform modules already initialized, skipping
Refreshing native plugins compatible for Editor in 0.46 ms, found 1 plugins.
Preloading 0 native plugins for Editor in 0.00 ms.
Unloading 1950 Unused Serialized files (Serialized files now loaded: 0)
System memory in use before: 92.8 MB.
System memory in use after: 92.9 MB.

Unloading 8 unused Assets to reduce memory usage. Loaded Objects now: 2444.
Total: 3.756300 ms (FindLiveObjects: 0.377100 ms CreateObjectMapping: 0.186600 ms MarkObjects: 3.130900 ms  DeleteObjects: 0.060400 ms)

========================================================================
Received Prepare
Registering precompiled user dll's ...
Registered in 0.001763 seconds.
Begin MonoManager ReloadAssembly
Native extension for WindowsStandalone target not found
Native extension for WebGL target not found
Refreshing native plugins compatible for Editor in 0.49 ms, found 1 plugins.
Preloading 0 native plugins for Editor in 0.00 ms.
Mono: successfully reloaded assembly
- Completed reload, in  1.925 seconds
Platform modules already initialized, skipping
Refreshing native plugins compatible for Editor in 0.50 ms, found 1 plugins.
Preloading 0 native plugins for Editor in 0.00 ms.
Unloading 1950 Unused Serialized files (Serialized files now loaded: 0)
System memory in use before: 92.8 MB.
System memory in use after: 92.9 MB.

Unloading 8 unused Assets to reduce memory usage. Loaded Objects now: 2447.
Total: 4.913900 ms (FindLiveObjects: 0.521000 ms CreateObjectMapping: 0.224000 ms MarkObjects: 4.116400 ms  DeleteObjects: 0.050200 ms)

========================================================================
Received Import Request.
  Time since last request: 749.920218 seconds.
  path: Assets/Scenes/Level2.unity
  artifactKey: Guid(6557996de4c2cbe499e197b43698e152) Importer(815301076,1909f56bfc062723c751e8b465ee728b)
Start importing Assets/Scenes/Level2.unity using Guid(6557996de4c2cbe499e197b43698e152) Importer(815301076,1909f56bfc062723c751e8b465ee728b)  -> (artifact id: 'eaaccaa808054c920ba663f03108c21d') in 0.021978 seconds
  Import took 0.029569 seconds .

AssetImportWorkerClient::OnTransportError - code=2 error=End of file
